2015-12-11 16:47:58 INFO  TestDB:39 - inside log
2015-12-11 16:47:58 INFO  TestDB:39 - inside log
2015-12-11 16:47:58 INFO  TestDB:39 - inside log
2015-12-11 16:47:58 INFO  TestDB:39 - inside log
2015-12-11 16:47:58 INFO  TestDB:39 - inside log
2015-12-11 16:47:58 INFO  TestDB:39 - inside log
2015-12-11 16:47:58 INFO  TestDB:39 - inside log
2015-12-11 16:47:58 INFO  TestDB:39 - inside log
2015-12-11 16:47:58 INFO  TestDB:39 - inside log
2015-12-11 16:47:58 INFO  TestDB:39 - inside log
2015-12-11 16:47:58 INFO  TestDB:39 - inside log
2015-12-11 16:47:58 INFO  TestDB:39 - inside log
2015-12-11 16:48:24 INFO  TestDB:38 - Skill-id:1     skill:Java
2015-12-11 16:48:24 INFO  TestDB:38 - Skill-id:2     skill:Spring
2015-12-11 16:48:24 INFO  TestDB:38 - Skill-id:3     skill:Hibernate
2015-12-11 16:48:24 INFO  TestDB:38 - Skill-id:4     skill:Angularjs
2015-12-11 16:48:24 INFO  TestDB:38 - Skill-id:5     skill:Bootstrap
2015-12-11 16:48:24 INFO  TestDB:38 - Skill-id:6     skill:Jsf
2015-12-11 16:48:24 INFO  TestDB:38 - Skill-id:7     skill:Ejb
2015-12-11 16:48:24 INFO  TestDB:38 - Skill-id:8     skill:Html
2015-12-11 16:48:24 INFO  TestDB:38 - Skill-id:9     skill:Css
2015-12-11 16:48:24 INFO  TestDB:38 - Skill-id:10     skill:Jquery
2015-12-11 16:48:24 INFO  TestDB:38 - Skill-id:11     skill:Javascript
2015-12-11 16:48:24 INFO  TestDB:38 - Skill-id:12     skill:Restful
